app/build/intermediates/manifest_merge_blame_file/debug/manifest-merger-blame-debug-report.txt
1<?xml version="1.0" encoding="utf-8"?>
2<manifest xmlns:android="http://schemas.android.com/apk/res/android"
3    package="kr.ac.duksung.birth"
4    android:versionCode="1"
5    android:versionName="1.0" >
6
7    <uses-sdk
8        android:minSdkVersion="21"
9        android:targetSdkVersion="33" />
10    <!-- 위치 권한 -->
11    <uses-permission android:name="android.permission.ACCESS_FINE_LOCATION" />
11-->src\main\AndroidManifest.xml:5:5-79
11-->src\main\AndroidManifest.xml:5:22-76
12    <uses-permission android:name="android.permission.ACCESS_COARSE_LOCATION" /> <!-- 블루투스 권한 -->
12-->src\main\AndroidManifest.xml:6:5-81
12-->src\main\AndroidManifest.xml:6:22-78
13    <uses-permission android:name="android.permission.BLUETOOTH" />
13-->src\main\AndroidManifest.xml:7:5-68
13-->src\main\AndroidManifest.xml:7:22-65
14    <uses-permission android:name="android.permission.BLUETOOTH_ADMIN" /> <!-- FOREGROUND 권한ㅏ -->
14-->src\main\AndroidManifest.xml:8:5-74
14-->src\main\AndroidManifest.xml:8:22-71
15    <uses-permission android:name="android.permission.BLUETOOTH_CONNECT" />
15-->src\main\AndroidManifest.xml:9:5-76
15-->src\main\AndroidManifest.xml:9:22-73
16    <uses-permission android:name="android.permission.FOREGROUND_SERVICE" />
16-->src\main\AndroidManifest.xml:10:5-77
16-->src\main\AndroidManifest.xml:10:22-74
17    <uses-permission android:name="android.permission.RECEIVE_BOOT_COMPLETED" />
17-->src\main\AndroidManifest.xml:11:5-81
17-->src\main\AndroidManifest.xml:11:22-78
18    <uses-permission android:name="android.permission.INTERNET" />
18-->src\main\AndroidManifest.xml:12:5-67
18-->src\main\AndroidManifest.xml:12:22-64
19    <uses-permission android:name="android.permission.ACCESS_NETWORK_STATE" />
19-->src\main\AndroidManifest.xml:13:5-79
19-->src\main\AndroidManifest.xml:13:22-76
20    <uses-permission android:name="android.permission.BLUETOOTH_SCAN" />
20-->src\main\AndroidManifest.xml:14:5-73
20-->src\main\AndroidManifest.xml:14:22-70
21    <uses-permission android:name="android.permission.REQUEST_IGNORE_BATTERY_OPTIMIZATIONS" />
21-->src\main\AndroidManifest.xml:15:5-95
21-->src\main\AndroidManifest.xml:15:22-92
22    <uses-permission android:name="android.permission.POST_NOTIFICATIONS" />
22-->src\main\AndroidManifest.xml:16:5-77
22-->src\main\AndroidManifest.xml:16:22-74
23
24    <permission
24-->[androidx.core:core:1.14.0-alpha01] AndroidManifest.xml:22:5-24:47
25        android:name="kr.ac.duksung.birth.DYNAMIC_RECEIVER_NOT_EXPORTED_PERMISSION"
25-->[androidx.core:core:1.14.0-alpha01] AndroidManifest.xml:23:9-81
26        android:protectionLevel="signature" />
26-->[androidx.core:core:1.14.0-alpha01] AndroidManifest.xml:24:9-44
27
28    <uses-permission android:name="kr.ac.duksung.birth.DYNAMIC_RECEIVER_NOT_EXPORTED_PERMISSION" />
28-->[androidx.core:core:1.14.0-alpha01] AndroidManifest.xml:26:5-97
28-->[androidx.core:core:1.14.0-alpha01] AndroidManifest.xml:26:22-94
29
30    <application
30-->src\main\AndroidManifest.xml:18:5-109:19
31        android:name="kr.ac.duksung.birth.BluetoothApplication"
31-->src\main\AndroidManifest.xml:19:13-49
32        android:allowBackup="true"
32-->src\main\AndroidManifest.xml:20:13-39
33        android:appComponentFactory="androidx.core.app.CoreComponentFactory"
33-->[androidx.core:core:1.14.0-alpha01] AndroidManifest.xml:28:18-86
34        android:dataExtractionRules="@xml/data_extraction_rules"
34-->src\main\AndroidManifest.xml:21:13-69
35        android:debuggable="true"
36        android:extractNativeLibs="true"
37        android:fullBackupContent="@xml/backup_rules"
37-->src\main\AndroidManifest.xml:22:13-58
38        android:icon="@mipmap/ic_launcher"
38-->src\main\AndroidManifest.xml:23:13-47
39        android:label="@string/app_name"
39-->src\main\AndroidManifest.xml:24:13-45
40        android:roundIcon="@mipmap/ic_launcher_round"
40-->src\main\AndroidManifest.xml:25:13-58
41        android:supportsRtl="true"
41-->src\main\AndroidManifest.xml:26:13-39
42        android:testOnly="true"
43        android:theme="@style/Theme.Birth"
43-->src\main\AndroidManifest.xml:27:13-47
44        android:usesCleartextTraffic="true" >
44-->src\main\AndroidManifest.xml:28:13-48
45
46        <!-- <activity -->
47        <!-- android:name=".SeatActivity" -->
48        <!-- android:exported="false" -->
49        <!-- android:label="@string/title_activity_seat" -->
50        <!-- android:theme="@style/Theme.Birth" /> -->
51        <activity
51-->src\main\AndroidManifest.xml:35:9-39:54
52            android:name="kr.ac.duksung.birth.BaseActivity"
52-->src\main\AndroidManifest.xml:36:17-45
53            android:exported="false"
53-->src\main\AndroidManifest.xml:37:17-41
54            android:label="@string/title_activity_base"
54-->src\main\AndroidManifest.xml:38:17-60
55            android:theme="@style/Theme.Birth" />
55-->src\main\AndroidManifest.xml:39:17-51
56        <activity
56-->src\main\AndroidManifest.xml:40:9-42:44
57            android:name="kr.ac.duksung.birth.MainActivity"
57-->src\main\AndroidManifest.xml:41:17-45
58            android:exported="false" />
58-->src\main\AndroidManifest.xml:42:17-41
59        <activity
59-->src\main\AndroidManifest.xml:43:9-45:44
60            android:name="kr.ac.duksung.birth.NoCertifiActivity"
60-->src\main\AndroidManifest.xml:44:17-50
61            android:exported="false" />
61-->src\main\AndroidManifest.xml:45:17-41
62        <activity
62-->src\main\AndroidManifest.xml:46:9-48:44
63            android:name="kr.ac.duksung.birth.SirenActivity"
63-->src\main\AndroidManifest.xml:47:17-46
64            android:exported="false" />
64-->src\main\AndroidManifest.xml:48:17-41
65
66        <service
66-->src\main\AndroidManifest.xml:50:9-53:43
67            android:name="kr.ac.duksung.birth.service.BluetoothService"
67-->src\main\AndroidManifest.xml:51:17-57
68            android:enabled="true"
68-->src\main\AndroidManifest.xml:52:17-39
69            android:exported="true" />
69-->src\main\AndroidManifest.xml:53:17-40
70        <service android:name="kr.ac.duksung.birth.service.RealService" />
70-->src\main\AndroidManifest.xml:54:9-56
70-->src\main\AndroidManifest.xml:54:18-53
71        <service android:name="kr.ac.duksung.birth.service.RestartService" />
71-->src\main\AndroidManifest.xml:55:9-59
71-->src\main\AndroidManifest.xml:55:18-56
72
73        <receiver android:name="kr.ac.duksung.birth.receiver.AlarmRecever" />
73-->src\main\AndroidManifest.xml:57:9-59
73-->src\main\AndroidManifest.xml:57:19-56
74        <receiver
74-->src\main\AndroidManifest.xml:58:9-64:20
75            android:name="kr.ac.duksung.birth.receiver.RebootRecever"
75-->src\main\AndroidManifest.xml:59:17-55
76            android:exported="true" >
76-->src\main\AndroidManifest.xml:60:17-40
77            <intent-filter>
77-->src\main\AndroidManifest.xml:61:13-63:29
78                <action android:name="android.intent.action.BOOT_COMPLETED" />
78-->src\main\AndroidManifest.xml:62:17-79
78-->src\main\AndroidManifest.xml:62:25-76
79            </intent-filter>
80        </receiver>
81        <receiver
81-->src\main\AndroidManifest.xml:65:9-73:20
82            android:name="kr.ac.duksung.birth.alarm.CheckAlarmReceiver"
82-->src\main\AndroidManifest.xml:66:17-57
83            android:exported="false" >
83-->src\main\AndroidManifest.xml:67:17-41
84            <intent-filter>
84-->src\main\AndroidManifest.xml:68:13-72:29
85
86                <!-- <action android:name="alarm-action"/> -->
87                <action android:name="kr.ac.duksung.birth.YES_ACTION" />
87-->src\main\AndroidManifest.xml:71:17-73
87-->src\main\AndroidManifest.xml:71:25-70
88            </intent-filter>
89        </receiver>
90        <receiver
90-->src\main\AndroidManifest.xml:74:9-80:20
91            android:name="kr.ac.duksung.birth.alarm.YesActionReceiver"
91-->src\main\AndroidManifest.xml:75:17-56
92            android:exported="false" >
92-->src\main\AndroidManifest.xml:76:17-41
93            <intent-filter>
93-->src\main\AndroidManifest.xml:68:13-72:29
94                <action android:name="kr.ac.duksung.birth.YES_ACTION" />
94-->src\main\AndroidManifest.xml:71:17-73
94-->src\main\AndroidManifest.xml:71:25-70
95            </intent-filter>
96        </receiver>
97        <receiver
97-->src\main\AndroidManifest.xml:81:9-87:20
98            android:name="kr.ac.duksung.birth.alarm.NoActionReceiver"
98-->src\main\AndroidManifest.xml:82:17-55
99            android:exported="false" >
99-->src\main\AndroidManifest.xml:83:17-41
100            <intent-filter>
100-->src\main\AndroidManifest.xml:84:13-86:29
101                <action android:name="kr.ac.duksung.birth.NO_ACTION" />
101-->src\main\AndroidManifest.xml:85:17-72
101-->src\main\AndroidManifest.xml:85:25-69
102            </intent-filter>
103        </receiver> <!-- <activity -->
104        <!-- android:name=".CheckActivity" -->
105        <!-- android:exported="false" /> -->
106        <activity
106-->src\main\AndroidManifest.xml:90:9-98:20
107            android:name="kr.ac.duksung.birth.SeatActivity"
107-->src\main\AndroidManifest.xml:91:17-45
108            android:exported="true" >
108-->src\main\AndroidManifest.xml:92:17-40
109            <intent-filter>
109-->src\main\AndroidManifest.xml:93:13-97:29
110                <action android:name="android.intent.action.MAIN" />
110-->src\main\AndroidManifest.xml:94:17-69
110-->src\main\AndroidManifest.xml:94:25-66
111
112                <category android:name="android.intent.category.LAUNCHER" />
112-->src\main\AndroidManifest.xml:96:17-77
112-->src\main\AndroidManifest.xml:96:27-74
113            </intent-filter>
114        </activity>
115        <activity android:name="kr.ac.duksung.birth.SplashActivity" />
115-->src\main\AndroidManifest.xml:99:9-51
115-->src\main\AndroidManifest.xml:99:19-49
116        <activity
116-->src\main\AndroidManifest.xml:100:9-102:43
117            android:name="kr.ac.duksung.birth.BluetoothActivity"
117-->src\main\AndroidManifest.xml:101:17-50
118            android:exported="true" />
118-->src\main\AndroidManifest.xml:102:17-40
119
120        <meta-data
120-->src\main\AndroidManifest.xml:104:9-106:61
121            android:name="preloaded_fonts"
121-->src\main\AndroidManifest.xml:105:17-47
122            android:resource="@array/preloaded_fonts" />
122-->src\main\AndroidManifest.xml:106:17-58
123
124        <service android:name="kr.ac.duksung.birth.TestService" />
124-->src\main\AndroidManifest.xml:108:9-48
124-->src\main\AndroidManifest.xml:108:18-45
125
126        <provider
126-->[androidx.emoji2:emoji2:1.2.0] AndroidManifest.xml:24:9-32:20
127            android:name="androidx.startup.InitializationProvider"
127-->[androidx.emoji2:emoji2:1.2.0] AndroidManifest.xml:25:13-67
128            android:authorities="kr.ac.duksung.birth.androidx-startup"
128-->[androidx.emoji2:emoji2:1.2.0] AndroidManifest.xml:26:13-68
129            android:exported="false" >
129-->[androidx.emoji2:emoji2:1.2.0] AndroidManifest.xml:27:13-37
130            <meta-data
130-->[androidx.emoji2:emoji2:1.2.0] AndroidManifest.xml:29:13-31:52
131                android:name="androidx.emoji2.text.EmojiCompatInitializer"
131-->[androidx.emoji2:emoji2:1.2.0] AndroidManifest.xml:30:17-75
132                android:value="androidx.startup" />
132-->[androidx.emoji2:emoji2:1.2.0] AndroidManifest.xml:31:17-49
133            <meta-data
133-->[androidx.lifecycle:lifecycle-process:2.6.2] AndroidManifest.xml:29:13-31:52
134                android:name="androidx.lifecycle.ProcessLifecycleInitializer"
134-->[androidx.lifecycle:lifecycle-process:2.6.2] AndroidManifest.xml:30:17-78
135                android:value="androidx.startup" />
135-->[androidx.lifecycle:lifecycle-process:2.6.2] AndroidManifest.xml:31:17-49
136            <meta-data
136-->[androidx.profileinstaller:profileinstaller:1.3.0] AndroidManifest.xml:29:13-31:52
137                android:name="androidx.profileinstaller.ProfileInstallerInitializer"
137-->[androidx.profileinstaller:profileinstaller:1.3.0] AndroidManifest.xml:30:17-85
138                android:value="androidx.startup" />
138-->[androidx.profileinstaller:profileinstaller:1.3.0] AndroidManifest.xml:31:17-49
139        </provider>
140
141        <uses-library
141-->[androidx.window:window:1.0.0] AndroidManifest.xml:25:9-27:40
142            android:name="androidx.window.extensions"
142-->[androidx.window:window:1.0.0] AndroidManifest.xml:26:13-54
143            android:required="false" />
143-->[androidx.window:window:1.0.0] AndroidManifest.xml:27:13-37
144        <uses-library
144-->[androidx.window:window:1.0.0] AndroidManifest.xml:28:9-30:40
145            android:name="androidx.window.sidecar"
145-->[androidx.window:window:1.0.0] AndroidManifest.xml:29:13-51
146            android:required="false" />
146-->[androidx.window:window:1.0.0] AndroidManifest.xml:30:13-37
147
148        <receiver
148-->[androidx.profileinstaller:profileinstaller:1.3.0] AndroidManifest.xml:34:9-52:20
149            android:name="androidx.profileinstaller.ProfileInstallReceiver"
149-->[androidx.profileinstaller:profileinstaller:1.3.0] AndroidManifest.xml:35:13-76
150            android:directBootAware="false"
150-->[androidx.profileinstaller:profileinstaller:1.3.0] AndroidManifest.xml:36:13-44
151            android:enabled="true"
151-->[androidx.profileinstaller:profileinstaller:1.3.0] AndroidManifest.xml:37:13-35
152            android:exported="true"
152-->[androidx.profileinstaller:profileinstaller:1.3.0] AndroidManifest.xml:38:13-36
153            android:permission="android.permission.DUMP" >
153-->[androidx.profileinstaller:profileinstaller:1.3.0] AndroidManifest.xml:39:13-57
154            <intent-filter>
154-->[androidx.profileinstaller:profileinstaller:1.3.0] AndroidManifest.xml:40:13-42:29
155                <action android:name="androidx.profileinstaller.action.INSTALL_PROFILE" />
155-->[androidx.profileinstaller:profileinstaller:1.3.0] AndroidManifest.xml:41:17-91
155-->[androidx.profileinstaller:profileinstaller:1.3.0] AndroidManifest.xml:41:25-88
156            </intent-filter>
157            <intent-filter>
157-->[androidx.profileinstaller:profileinstaller:1.3.0] AndroidManifest.xml:43:13-45:29
158                <action android:name="androidx.profileinstaller.action.SKIP_FILE" />
158-->[androidx.profileinstaller:profileinstaller:1.3.0] AndroidManifest.xml:44:17-85
158-->[androidx.profileinstaller:profileinstaller:1.3.0] AndroidManifest.xml:44:25-82
159            </intent-filter>
160            <intent-filter>
160-->[androidx.profileinstaller:profileinstaller:1.3.0] AndroidManifest.xml:46:13-48:29
161                <action android:name="androidx.profileinstaller.action.SAVE_PROFILE" />
161-->[androidx.profileinstaller:profileinstaller:1.3.0] AndroidManifest.xml:47:17-88
161-->[androidx.profileinstaller:profileinstaller:1.3.0] AndroidManifest.xml:47:25-85
162            </intent-filter>
163            <intent-filter>
163-->[androidx.profileinstaller:profileinstaller:1.3.0] AndroidManifest.xml:49:13-51:29
164                <action android:name="androidx.profileinstaller.action.BENCHMARK_OPERATION" />
164-->[androidx.profileinstaller:profileinstaller:1.3.0] AndroidManifest.xml:50:17-95
164-->[androidx.profileinstaller:profileinstaller:1.3.0] AndroidManifest.xml:50:25-92
165            </intent-filter>
166        </receiver>
167    </application>
168
169</manifest>